<?xml version="1.0" encoding="UTF-8"?>
<!-- Generated by org.testng.reporters.JUnitReportReporter -->
<testsuite hostname="DESKTOP-N1V07OH" failures="0" tests="1" name="tests.CancelLeaveTest" time="32.232" errors="0" timestamp="2025-06-09T00:40:32 IST" skipped="0">
  <testcase classname="tests.CancelLeaveTest" name="testLoginSuccess" time="32.232"/>
</testsuite> <!-- tests.CancelLeaveTest -->
